<?xml version="1.0" encoding="utf-8"?><testsuites name="pytest tests"><testsuite name="pytest" errors="0" failures="0" skipped="0" tests="7" time="1.141" timestamp="2026-03-30T10:31:27.570852+00:00" hostname="agent-env-111df8d7-ffbc-4b51-83a8-5a566111031b"><testcase classname="backend.tests.test_scm_api.TestHealth" name="test_api_root" time="0.255" /><testcase classname="backend.tests.test_scm_api.TestContact" name="test_submit_contact" time="0.199" /><testcase classname="backend.tests.test_scm_api.TestContact" name="test_contact_missing_required" time="0.134" /><testcase classname="backend.tests.test_scm_api.TestContact" name="test_get_contact_submissions" time="0.099" /><testcase classname="backend.tests.test_scm_api.TestCareers" name="test_submit_career_application" time="0.106" /><testcase classname="backend.tests.test_scm_api.TestCareers" name="test_career_application_missing_required" time="0.100" /><testcase classname="backend.tests.test_scm_api.TestCareers" name="test_get_career_applications" time="0.106" /></testsuite></testsuites>